[debug] [2026-01-20T08:55:11.039Z] ----------------------------------------------------------------------
[debug] [2026-01-20T08:55:11.044Z] Command:       C:\Program Files\nodejs\node.exe C:\Users\AliMazhar\AppData\Roaming\npm\node_modules\firebase-tools\lib\bin\firebase.js apps:list --project roadhelper-33306
[debug] [2026-01-20T08:55:11.045Z] CLI Version:   15.3.1
[debug] [2026-01-20T08:55:11.046Z] Platform:      win32
[debug] [2026-01-20T08:55:11.046Z] Node Version:  v24.13.0
[debug] [2026-01-20T08:55:11.046Z] Time:          Tue Jan 20 2026 13:55:11 GMT+0500 (Pakistan Standard Time)
[debug] [2026-01-20T08:55:11.047Z] ----------------------------------------------------------------------
[debug] 
[debug] [2026-01-20T08:55:11.345Z] > command requires scopes: ["email","openid","https://www.googleapis.com/auth/cloudplatformprojects.readonly","https://www.googleapis.com/auth/firebase","https://www.googleapis.com/auth/cloud-platform"]
[debug] [2026-01-20T08:55:11.346Z] > authorizing via signed-in user (laptopboy1126@gmail.com)
[debug] [2026-01-20T08:55:11.353Z] Checked if tokens are valid: true, expires at: 1768901634594
[debug] [2026-01-20T08:55:11.353Z] Checked if tokens are valid: true, expires at: 1768901634594
[debug] [2026-01-20T08:55:11.354Z] >>> [apiv2][query] GET https://firebase.googleapis.com/v1beta1/projects/roadhelper-33306:searchApps pageSize=100
[debug] [2026-01-20T08:55:12.139Z] <<< [apiv2][status] GET https://firebase.googleapis.com/v1beta1/projects/roadhelper-33306:searchApps 403
[debug] [2026-01-20T08:55:12.139Z] <<< [apiv2][body] GET https://firebase.googleapis.com/v1beta1/projects/roadhelper-33306:searchApps {"error":{"code":403,"message":"The caller does not have permission","status":"PERMISSION_DENIED"}}
[debug] [2026-01-20T08:55:12.140Z] Request to https://firebase.googleapis.com/v1beta1/projects/roadhelper-33306:searchApps?pageSize=100 had HTTP Error: 403, The caller does not have permission
[debug] [2026-01-20T08:55:12.486Z] FirebaseError: Request to https://firebase.googleapis.com/v1beta1/projects/roadhelper-33306:searchApps?pageSize=100 had HTTP Error: 403, The caller does not have permission
    at responseToError (C:\Users\AliMazhar\AppData\Roaming\npm\node_modules\firebase-tools\lib\responseToError.js:53:12)
    at RetryOperation._fn (C:\Users\AliMazhar\AppData\Roaming\npm\node_modules\firebase-tools\lib\apiv2.js:320:77)
    at process.processTicksAndRejections (node:internal/process/task_queues:103:5)
[error] 
[error] Error: Failed to list Firebase apps. See firebase-debug.log for more info.
